app/build/outputs/logs/manifest-merger-debug-report.txt
-- Merging decision tree log ---
manifest
ADDED from src/main/AndroidManifest.xml:2:1-68:12
INJECTED from src/main/AndroidManifest.xml:2:1-68:12
INJECTED from src/main/AndroidManifest.xml:2:1-68:12
INJECTED from src/main/AndroidManifest.xml:2:1-68:12
INJECTED from src/main/AndroidManifest.xml:2:1-68:12
INJECTED from src/main/AndroidManifest.xml:2:1-68:12
INJECTED from src/main/AndroidManifest.xml:2:1-68:12
	package
		ADDED from src/main/AndroidManifest.xml:3:5-38
		INJECTED from src/main/AndroidManifest.xml
		INJECTED from src/main/AndroidManifest.xml
	android:versionName
		ADDED from src/main/AndroidManifest.xml:5:5-30
		INJECTED from src/main/AndroidManifest.xml
		INJECTED from src/main/AndroidManifest.xml
	xmlns:android
		ADDED from src/main/AndroidManifest.xml:2:11-69
	android:versionCode
		ADDED from src/main/AndroidManifest.xml:4:5-28
		INJECTED from src/main/AndroidManifest.xml
		INJECTED from src/main/AndroidManifest.xml
uses-permission#android.permission.INTERNET
ADDED from src/main/AndroidManifest.xml:7:5-67
	android:name
		ADDED from src/main/AndroidManifest.xml:7:22-64
uses-permission#android.permission.MODIFY_AUDIO_SETTINGS
ADDED from src/main/AndroidManifest.xml:8:5-79
	android:name
		ADDED from src/main/AndroidManifest.xml:8:22-77
uses-permission#android.permission.WRITE_EXTERNAL_STORAGE
ADDED from src/main/AndroidManifest.xml:9:5-80
	android:name
		ADDED from src/main/AndroidManifest.xml:9:22-78
uses-permission#android.permission.ACCESS_WIFI_STATE
ADDED from src/main/AndroidManifest.xml:12:5-75
	android:name
		ADDED from src/main/AndroidManifest.xml:12:22-73
uses-permission#android.permission.READ_PHONE_STATE
ADDED from src/main/AndroidManifest.xml:13:5-74
	android:name
		ADDED from src/main/AndroidManifest.xml:13:22-72
uses-permission#android.permission.ACCESS_NETWORK_STATE
ADDED from src/main/AndroidManifest.xml:14:5-78
	android:name
		ADDED from src/main/AndroidManifest.xml:14:22-76
application
ADDED from src/main/AndroidManifest.xml:16:5-66:19
	android:label
		ADDED from src/main/AndroidManifest.xml:18:9-41
	android:icon
		ADDED from src/main/AndroidManifest.xml:17:9-45
	android:allowBackup
		ADDED from src/main/AndroidManifest.xml:19:9-36
activity#net.sourceforge.simcpux.wxapi.WXEntryActivity
ADDED from src/main/AndroidManifest.xml:21:9-36:20
	android:label
		ADDED from src/main/AndroidManifest.xml:23:13-45
	android:launchMode
		ADDED from src/main/AndroidManifest.xml:25:13-43
	android:exported
		ADDED from src/main/AndroidManifest.xml:24:13-36
	android:name
		ADDED from src/main/AndroidManifest.xml:22:13-50
intent-filter#action:name:android.intent.action.MAIN+category:name:android.intent.category.LAUNCHER
ADDED from src/main/AndroidManifest.xml:26:13-29:29
action#android.intent.action.MAIN
ADDED from src/main/AndroidManifest.xml:27:17-69
	android:name
		ADDED from src/main/AndroidManifest.xml:27:25-66
category#android.intent.category.LAUNCHER
ADDED from src/main/AndroidManifest.xml:28:17-77
	android:name
		ADDED from src/main/AndroidManifest.xml:28:27-74
intent-filter#action:name:android.intent.action.VIEW+category:name:android.intent.category.DEFAULT+data:scheme:sdksample
ADDED from src/main/AndroidManifest.xml:31:13-35:29
action#android.intent.action.VIEW
ADDED from src/main/AndroidManifest.xml:32:17-68
	android:name
		ADDED from src/main/AndroidManifest.xml:32:25-66
category#android.intent.category.DEFAULT
ADDED from src/main/AndroidManifest.xml:33:17-75
	android:name
		ADDED from src/main/AndroidManifest.xml:33:27-73
data
ADDED from src/main/AndroidManifest.xml:34:17-51
	android:scheme
		ADDED from src/main/AndroidManifest.xml:34:23-49
activity#net.sourceforge.simcpux.SendToWXActivity
ADDED from src/main/AndroidManifest.xml:38:9-41:51
	android:label
		ADDED from src/main/AndroidManifest.xml:40:13-45
	android:theme
		ADDED from src/main/AndroidManifest.xml:41:13-49
	android:name
		ADDED from src/main/AndroidManifest.xml:39:13-45
activity#net.sourceforge.simcpux.GetFromWXActivity
ADDED from src/main/AndroidManifest.xml:43:9-46:51
	android:label
		ADDED from src/main/AndroidManifest.xml:45:13-45
	android:theme
		ADDED from src/main/AndroidManifest.xml:46:13-49
	android:name
		ADDED from src/main/AndroidManifest.xml:44:13-46
activity#net.sourceforge.simcpux.ShowFromWXActivity
ADDED from src/main/AndroidManifest.xml:48:9-51:51
	android:label
		ADDED from src/main/AndroidManifest.xml:50:13-45
	android:theme
		ADDED from src/main/AndroidManifest.xml:51:13-49
	android:name
		ADDED from src/main/AndroidManifest.xml:49:13-47
receiver#net.sourceforge.simcpux.AppRegister
ADDED from src/main/AndroidManifest.xml:53:9-59:20
	android:permission
		ADDED from src/main/AndroidManifest.xml:55:13-71
	android:name
		ADDED from src/main/AndroidManifest.xml:54:13-40
intent-filter#action:name:com.tencent.mm.plugin.openapi.Intent.ACTION_REFRESH_WXAPP
ADDED from src/main/AndroidManifest.xml:56:13-58:29
action#com.tencent.mm.plugin.openapi.Intent.ACTION_REFRESH_WXAPP
ADDED from src/main/AndroidManifest.xml:57:17-100
	android:name
		ADDED from src/main/AndroidManifest.xml:57:25-97
activity#net.sourceforge.simcpux.ScanQRCodeLoginActivity
ADDED from src/main/AndroidManifest.xml:61:3-64:52
	android:label
		ADDED from src/main/AndroidManifest.xml:63:13-54
	android:theme
		ADDED from src/main/AndroidManifest.xml:64:13-49
	android:name
		ADDED from src/main/AndroidManifest.xml:62:13-52
uses-sdk
INJECTED from src/main/AndroidManifest.xml reason: use-sdk injection requested
INJECTED from src/main/AndroidManifest.xml
INJECTED from src/main/AndroidManifest.xml
INJECTED from src/main/AndroidManifest.xml
INJECTED from src/main/AndroidManifest.xml
	android:targetSdkVersion
		INJECTED from src/main/AndroidManifest.xml
		ADDED from src/main/AndroidManifest.xml
		INJECTED from src/main/AndroidManifest.xml
	android:minSdkVersion
		INJECTED from src/main/AndroidManifest.xml
		ADDED from src/main/AndroidManifest.xml
		INJECTED from src/main/AndroidManifest.xml